<?xml version="1.0" encoding="UTF-8"?>
<testsuite xmlns:xsi="http://www.w3.org/2001/XMLSchema-instance" xsi:noNamespaceSchemaLocation="https://maven.apache.org/surefire/maven-surefire-plugin/xsd/surefire-test-report.xsd" version="3.0.2" name="com.midterm.se4453_midterm.Se4453MidtermApplicationTests" time="7.398" tests="1" errors="0" skipped="0" failures="0">
  <properties>
[...]
</properties>
  <testcase name="contextLoads" classname="com.midterm.se4453_midterm.Se4453MidtermApplicationTests" time="0.984">
    <system-out><![CDATA[03:46:45.367 [main] INFO org.springframework.test.context.support.AnnotationConfigContextLoaderUtils -- Could not detect default configuration classes for test class [com.midterm.se4453_midterm.Se4453MidtermApplicationTests]: Se4453MidtermApplicationTests does not declare any static, non-private, non-final, nested classes annotated with @Configuration.
03:46:45.515 [main] INFO org.springframework.boot.test.context.SpringBootTestContextBootstrapper -- Found @SpringBootConfiguration com.midterm.se4453_midterm.Se4453MidtermApplication for test class com.midterm.se4453_midterm.Se4453MidtermApplicationTests

  .   ____          _            __ _ _
 /\\ / ___'_ __ _ _(_)_ __  __ _ \ \ \ \
( ( )\___ | '_ | '_| | '_ \/ _` | \ \ \ \
 \\/  ___)| |_)| | | | | || (_| |  ) ) ) )
  '  |____| .__|_| |_|_| |_\__, | / / / /
 =========|_|==============|___/=/_/_/_/

 :: Spring Boot ::                (v3.4.4)

2025-04-25T03:46:47.535+03:00  INFO 13516 --- [se4453-midterm] [           main] c.m.s.Se4453MidtermApplicationTests      : Starting Se4453MidtermApplicationTests using Java 22.0.1 with PID 13516 (started by EzgiC in C:\Users\EzgiC\Desktop\SE4453-midterm)
2025-04-25T03:46:47.537+03:00  INFO 13516 --- [se4453-midterm] [           main] c.m.s.Se4453MidtermApplicationTests      : No active profile set, falling back to 1 default profile: "default"
2025-04-25T03:46:48.968+03:00  INFO 13516 --- [se4453-midterm] [           main] o.s.cloud.context.scope.GenericScope     : BeanFactory id=78cf7803-4f0e-3702-a36c-c7e9d7b01adb
2025-04-25T03:46:50.084+03:00  INFO 13516 --- [se4453-midterm] [           main] c.a.c.h.n.implementation.NettyUtility    : {"az.sdk.message":"The following Netty versions were found on the classpath and have a mismatch with the versions used by azure-core-http-netty. If your application runs without issue this message can be ignored, otherwise please align the Netty versions used in your application. For more information, see https://aka.ms/azsdk/java/dependency/troubleshoot.","azure-netty-version":"4.1.118.Final","azure-netty-native-version":"2.0.70.Final","classpath-netty-version-io.netty:netty-common":"4.1.119.Final","classpath-netty-version-io.netty:netty-handler":"4.1.119.Final","classpath-netty-version-io.netty:netty-handler-proxy":"4.1.119.Final","classpath-netty-version-io.netty:netty-buffer":"4.1.119.Final","classpath-netty-version-io.netty:netty-codec":"4.1.119.Final","classpath-netty-version-io.netty:netty-codec-http":"4.1.119.Final","classpath-netty-version-io.netty:netty-codec-http2":"4.1.119.Final","classpath-netty-version-io.netty:netty-transport-native-unix-common":"4.1.119.Final","classpath-netty-version-io.netty:netty-transport-native-epoll":"4.1.119.Final","classpath-netty-version-io.netty:netty-transport-native-kqueue":"4.1.119.Final","classpath-native-netty-version-io.netty:netty-tcnative-boringssl-static":"2.0.70.Final"}
2025-04-25T03:46:51.386+03:00  INFO 13516 --- [se4453-midterm] [           main] o.s.cloud.commons.util.InetUtils         : Cannot determine local hostname
2025-04-25T03:46:51.459+03:00  INFO 13516 --- [se4453-midterm] [           main] c.m.s.Se4453MidtermApplicationTests      : Started Se4453MidtermApplicationTests in 5.599 seconds (process running for 7.046)
]]></system-out>
    <system-err><![CDATA[Mockito is currently self-attaching to enable the inline-mock-maker. This will no longer work in future releases of the JDK. Please add Mockito as an agent to your build what is described in Mockito's documentation: https://javadoc.io/doc/org.mockito/mockito-core/latest/org/mockito/Mockito.html#0.3
WARNING: A Java agent has been loaded dynamically (C:\Users\EzgiC\.m2\repository\net\bytebuddy\byte-buddy-agent\1.15.11\byte-buddy-agent-1.15.11.jar)
WARNING: If a serviceability tool is in use, please run with -XX:+EnableDynamicAgentLoading to hide this warning
WARNING: If a serviceability tool is not in use, please run with -Djdk.instrument.traceUsage for more information
WARNING: Dynamic loading of agents will be disallowed by default in a future release
]]></system-err>
  </testcase>
</testsuite>